{
  "Cucumber Features": {
    "coverage": {
      "/Users/dannysantos/projects/Flashcaaard/app/models/user.rb": [
        1,
        null,
        null,
        1,
        null,
        null
      ],
      "/Users/dannysantos/projects/Flashcaaard/app/models/application_record.rb": [
        1,
        1,
        null
      ],
      "/Users/dannysantos/projects/Flashcaaard/app/controllers/flashcards_controller.rb": [
        1,
        1,
        1,
        null,
        null,
        1,
        1,
        null,
        1,
        1,
        null,
        0,
        null,
        null,
        null,
        1,
        1,
        null,
        null,
        1,
        null,
        1,
        1,
        null,
        null
      ],
      "/Users/dannysantos/projects/Flashcaaard/app/controllers/application_controller.rb": [
        1,
        1,
        null,
        1,
        null,
        null
      ],
      "/Users/dannysantos/projects/Flashcaaard/app/helpers/application_helper.rb": [
        1,
        null
      ],
      "/Users/dannysantos/projects/Flashcaaard/app/models/flashcard.rb": [
        1,
        null
      ],
      "/Users/dannysantos/projects/Flashcaaard/app/channels/application_cable/channel.rb": [
        0,
        0,
        0,
        0
      ],
      "/Users/dannysantos/projects/Flashcaaard/app/channels/application_cable/connection.rb": [
        0,
        0,
        0,
        0
      ],
      "/Users/dannysantos/projects/Flashcaaard/app/jobs/application_job.rb": [
        0,
        0
      ],
      "/Users/dannysantos/projects/Flashcaaard/app/mailers/application_mailer.rb": [
        0,
        0,
        0,
        0
      ]
    },
    "timestamp": 1477922568
  },
  "RSpec": {
    "coverage": {
      "/Users/dannysantos/projects/Flashcaaard/app/models/user.rb": [
        1,
        null,
        null,
        1,
        null,
        null
      ],
      "/Users/dannysantos/projects/Flashcaaard/app/models/application_record.rb": [
        1,
        1,
        null
      ],
      "/Users/dannysantos/projects/Flashcaaard/app/helpers/application_helper.rb": [
        1,
        null
      ],
      "/Users/dannysantos/projects/Flashcaaard/app/channels/application_cable/channel.rb": [
        0,
        0,
        0,
        0
      ],
      "/Users/dannysantos/projects/Flashcaaard/app/channels/application_cable/connection.rb": [
        0,
        0,
        0,
        0
      ],
      "/Users/dannysantos/projects/Flashcaaard/app/controllers/application_controller.rb": [
        0,
        0,
        0,
        0,
        0,
        0
      ],
      "/Users/dannysantos/projects/Flashcaaard/app/jobs/application_job.rb": [
        0,
        0
      ],
      "/Users/dannysantos/projects/Flashcaaard/app/mailers/application_mailer.rb": [
        0,
        0,
        0,
        0
      ]
    },
    "timestamp": 1477912542
  }
}
